0 info it worked if it ends with ok
1 verbose cli [ '/usr/local/Cellar/node/5.3.0/bin/node',
1 verbose cli   '/Users/Kathy_Dieser/.npm-packages/bin/npm',
1 verbose cli   'run',
1 verbose cli   'build' ]
2 info using npm@3.5.2
3 info using node@v5.3.0
4 verbose stack Error: missing script: build
4 verbose stack     at run (/Users/Kathy_Dieser/.npm-packages/lib/node_modules/npm/lib/run-script.js:147:19)
4 verbose stack     at /Users/Kathy_Dieser/.npm-packages/lib/node_modules/npm/lib/run-script.js:57:5
4 verbose stack     at /Users/Kathy_Dieser/.npm-packages/lib/node_modules/npm/node_modules/read-package-json/read-json.js:345:5
4 verbose stack     at checkBinReferences_ (/Users/Kathy_Dieser/.npm-packages/lib/node_modules/npm/node_modules/read-package-json/read-json.js:309:45)
4 verbose stack     at final (/Users/Kathy_Dieser/.npm-packages/lib/node_modules/npm/node_modules/read-package-json/read-json.js:343:3)
4 verbose stack     at then (/Users/Kathy_Dieser/.npm-packages/lib/node_modules/npm/node_modules/read-package-json/read-json.js:113:5)
4 verbose stack     at /Users/Kathy_Dieser/.npm-packages/lib/node_modules/npm/node_modules/read-package-json/read-json.js:300:12
4 verbose stack     at /Users/Kathy_Dieser/.npm-packages/lib/node_modules/npm/node_modules/graceful-fs/graceful-fs.js:76:16
4 verbose stack     at tryToString (fs.js:414:3)
4 verbose stack     at FSReqWrap.readFileAfterClose [as oncomplete] (fs.js:401:12)
5 verbose cwd /Users/Kathy_Dieser/sideProj/catrimony.party
6 error Darwin 15.5.0
7 error argv "/usr/local/Cellar/node/5.3.0/bin/node" "/Users/Kathy_Dieser/.npm-packages/bin/npm" "run" "build"
8 error node v5.3.0
9 error npm  v3.5.2
10 error missing script: build
11 error If you need help, you may report this error at:
11 error     <https://github.com/npm/npm/issues>
12 verbose exit [ 1, true ]
